2022-04-21 13:35:07,585 - root - INFO - Launch application successfully
2022-04-21 13:35:12,891 - root - INFO - Login is successfull.
Launch application successfully
Login is successfull.
Launch application successfully
Login is successfull.
2022-04-22 15:20:44,850 - root - INFO - Launch application successfully
2022-04-22 15:20:50,089 - root - INFO - Login is successfull.
2022-04-22 15:20:52,364 - root - INFO - Log Out is successfull.
2022-04-22 15:20:52,543 - root - INFO - Application closed successfully
2022-04-23 09:06:04,269 - root - INFO - Launch application successfully
2022-04-23 09:06:25,230 - root - INFO - Login is successfull.
2022-04-23 09:06:29,015 - root - INFO - Log Out is successfull.
2022-04-23 09:06:31,730 - root - INFO - Application closed successfully
2022-04-23 09:09:52,755 - root - INFO - Launch application successfully
2022-04-23 09:09:58,790 - root - INFO - Login is successfull.
2022-04-23 09:23:05,603 - root - INFO - Launch application successfully
2022-04-23 09:29:42,456 - root - INFO - Launch application successfully
2022-04-23 09:29:48,976 - root - INFO - Login is successfull.
2022-04-23 09:38:37,715 - root - INFO - Launch application successfully
2022-04-23 09:38:43,662 - root - INFO - Login is successfull.
2022-04-23 09:40:14,651 - root - INFO - Launch application successfully
2022-04-23 09:40:21,511 - root - INFO - Login is successfull.
2022-04-23 10:00:41,399 - root - INFO - Launch application successfully
2022-04-23 10:00:48,994 - root - INFO - Login is successfull.
2022-04-23 10:06:04,466 - root - INFO - Launch application successfully
2022-04-23 10:06:27,543 - root - INFO - Login is successfull.
2022-04-23 10:08:56,492 - root - INFO - Launch application successfully
2022-04-23 10:09:03,005 - root - INFO - Login is successfull.
2022-04-23 10:13:11,354 - root - INFO - Launch application successfully
2022-04-23 10:13:16,057 - root - INFO - Login is successfull.
2022-04-23 10:13:16,057 - root - INFO - Log Out is successfull.
2022-04-23 10:13:18,820 - root - INFO - Application closed successfully
2022-04-23 10:26:14,182 - root - INFO - Launch application successfully
2022-04-23 10:26:41,236 - root - INFO - Login is successfull.
2022-04-23 10:26:41,236 - root - INFO - Log Out is successfull.
2022-04-23 10:26:41,980 - root - INFO - Application closed successfully
2022-04-25 12:13:27,604 - root - INFO - **********************test_login_DDT********************************
2022-04-25 12:13:27,803 - root - INFO - **********************Launch application successfully***************
2022-04-25 12:15:06,167 - root - INFO - **********************test_login_DDT********************************
2022-04-25 12:15:06,168 - root - INFO - **********************Launch application successfully***************
2022-04-25 12:15:25,064 - root - INFO - Login is successfull.
2022-04-25 12:22:20,531 - root - INFO - **********************test_login_DDT********************************
2022-04-25 12:22:20,531 - root - INFO - **********************Launch application successfully***************
2022-04-25 12:22:26,021 - root - INFO - Login is successfull.
2022-04-25 12:24:09,004 - root - INFO - **********************test_login_DDT********************************
2022-04-25 12:24:09,004 - root - INFO - **********************Launch application successfully***************
2022-04-25 12:24:29,289 - root - INFO - Login is successfull.
2022-04-25 12:25:25,589 - root - INFO - **********************test_login_DDT********************************
2022-04-25 12:25:25,590 - root - INFO - **********************Launch application successfully***************
2022-04-25 12:25:32,352 - root - INFO - Login is successfull.
2022-04-25 12:30:03,321 - root - INFO - **********************test_login_DDT********************************
2022-04-25 12:30:03,321 - root - INFO - **********************Launch application successfully***************
2022-04-25 12:30:08,888 - root - INFO - Login is successfull.
2022-04-25 12:32:05,075 - root - INFO - **********************test_login_DDT********************************
2022-04-25 12:32:05,077 - root - INFO - **********************Launch application successfully***************
2022-04-25 12:32:56,356 - root - INFO - **********************test_login_DDT********************************
2022-04-25 12:32:56,357 - root - INFO - **********************Launch application successfully***************
2022-04-27 15:30:26,117 - root - INFO - Launch application successfully
2022-04-27 15:30:26,117 - root - INFO - Launch application successfully
2022-04-27 15:30:33,009 - root - INFO - Login is successfull.
2022-04-27 15:30:33,009 - root - INFO - Login is successfull.
2022-04-27 15:30:33,009 - root - INFO - Log Out is successfull.
2022-04-27 15:30:33,009 - root - INFO - Log Out is successfull.
2022-04-27 15:30:37,419 - root - INFO - Application closed successfully
2022-04-27 15:30:37,419 - root - INFO - Application closed successfully
2022-04-27 15:30:45,182 - root - INFO - **********************test_login_DDT********************************
2022-04-27 15:30:45,182 - root - INFO - **********************test_login_DDT********************************
2022-04-27 15:30:45,182 - root - INFO - **********************Launch application successfully***************
2022-04-27 15:30:45,182 - root - INFO - **********************Launch application successfully***************
2022-04-27 15:33:05,784 - root - INFO - Launch application successfully
2022-04-27 15:33:05,784 - root - INFO - Launch application successfully
2022-04-27 15:33:12,212 - root - INFO - Login is successfull.
2022-04-27 15:33:12,212 - root - INFO - Login is successfull.
2022-04-27 15:33:12,212 - root - INFO - Log Out is successfull.
2022-04-27 15:33:12,212 - root - INFO - Log Out is successfull.
2022-04-27 15:33:12,490 - root - INFO - Application closed successfully
2022-04-27 15:33:12,490 - root - INFO - Application closed successfully
2022-04-27 15:33:18,767 - root - INFO - **********************test_login_DDT********************************
2022-04-27 15:33:18,767 - root - INFO - **********************test_login_DDT********************************
2022-04-27 15:33:18,767 - root - INFO - **********************Launch application successfully***************
2022-04-27 15:33:18,767 - root - INFO - **********************Launch application successfully***************
2022-04-27 15:35:08,773 - root - INFO - Launch application successfully
2022-04-27 15:35:08,773 - root - INFO - Launch application successfully
2022-04-27 15:35:12,523 - root - INFO - Login is successfull.
2022-04-27 15:35:12,523 - root - INFO - Login is successfull.
2022-04-27 15:35:12,531 - root - INFO - Log Out is successfull.
2022-04-27 15:35:12,531 - root - INFO - Log Out is successfull.
2022-04-27 15:36:23,225 - root - INFO - Launch application successfully
2022-04-27 15:36:23,225 - root - INFO - Launch application successfully
2022-04-27 15:36:29,323 - root - INFO - Login is successfull.
2022-04-27 15:36:29,323 - root - INFO - Login is successfull.
2022-04-27 15:36:29,331 - root - INFO - Log Out is successfull.
2022-04-27 15:36:29,331 - root - INFO - Log Out is successfull.
2022-04-27 15:36:30,045 - root - INFO - Application closed successfully
2022-04-27 15:36:30,045 - root - INFO - Application closed successfully
2022-04-27 15:36:58,280 - root - INFO - **********************test_login_DDT********************************
2022-04-27 15:36:58,280 - root - INFO - **********************test_login_DDT********************************
2022-04-27 15:36:58,281 - root - INFO - **********************Launch application successfully***************
2022-04-27 15:36:58,281 - root - INFO - **********************Launch application successfully***************
2022-04-27 15:37:17,754 - root - INFO - Login is successfull.
2022-04-27 15:37:17,754 - root - INFO - Login is successfull.
2022-04-27 15:37:17,913 - root - INFO - Application closed successfully
2022-04-27 15:37:17,913 - root - INFO - Application closed successfully
